<?xml version="1.0" encoding="UTF-8"?>
<testsuite name="Cucumber" time="98.841" tests="5" skipped="0" failures="0" errors="0">
<testcase classname="Searching on BestBuy" name="searching for a product" time="44.275">
<system-out><![CDATA[
Given I am on the BestBuy home page.........................................passed
When When I close the add modal and search for “macbook pro”................passed
Then one of the laptops listed should be 14 24GB Memory and 512GB SSD.......passed
]]></system-out>
</testcase>
<testcase classname="Searching on BestBuy" name="adding product to cart" time="12.342">
<system-out><![CDATA[
Given I perform the above search............................................passed
When I click the “Add to Cart” button next to the laptop....................passed
Then I should see a modal window with the cart subtotal.....................passed
]]></system-out>
</testcase>
<testcase classname="Searching on BestBuy" name="checking product is in the cart page" time="20.264">
<system-out><![CDATA[
Given I am on the Best Buy modal page.......................................passed
When I click on go to cart..................................................passed
Then I navigate to the laptop and the order summary.........................passed
]]></system-out>
</testcase>
<testcase classname="Searching on BestBuy" name="Remove item from cart" time="8.657">
<system-out><![CDATA[
Given I am on the Best Buy Cart page........................................passed
When I remove an item from the cart.........................................passed
Then I verify that the item is removed from the cart........................passed
]]></system-out>
</testcase>
<testcase classname="Searching on BestBuy" name="Clean up" time="12.791">
<system-out><![CDATA[
Then I close the browser....................................................passed
]]></system-out>
</testcase>
</testsuite>
